<?xml version="1.0" encoding="UTF-8"?>
<!-- Generated by org.testng.reporters.JUnitXMLReporter -->
<testsuite ignored="0" hostname="DESKTOP-HC6DSE1" failures="0" tests="3" name="Test1" time="114.095" errors="0" timestamp="2024-07-17T12:54:28 IST">
  <testcase classname="com.comcast.crm.contact.ContactModuleTest" name="createContactTest" time="20.161"/>
  <testcase classname="com.comcast.crm.contact.ContactModuleTest" name="createContactWithOrgTest" time="42.921"/>
  <testcase classname="com.comcast.crm.contact.ContactModuleTest" name="createContactWithSupportDateTest" time="16.769"/>
</testsuite> <!-- Test1 -->
