<?xml version="1.0" encoding="UTF-8"?>
<!-- Generated by org.testng.reporters.JUnitXMLReporter -->
<testsuite ignored="0" hostname="DESKTOP-HC6DSE1" failures="0" tests="3" name="Test2" time="96.772" errors="0" timestamp="2024-07-17T12:54:11 IST">
  <testcase classname="com.comcast.crm.org.OrgModuleTest" name="createOrgTest" time="22.017"/>
  <testcase classname="com.comcast.crm.org.OrgModuleTest" name="createOrgWithPhone" time="19.264"/>
  <testcase classname="com.comcast.crm.org.OrgModuleTest" name="createorgWithIndTest" time="21.131"/>
</testsuite> <!-- Test2 -->
