<?xml version="1.0" encoding="UTF-8"?>
<testng-results ignored="0" total="1" passed="1" failed="0" skipped="0">
  <reporter-output>
  </reporter-output>
  <suite started-at="2024-06-28T01:06:09Z" name="Surefire suite" finished-at="2024-06-28T01:06:24Z" duration-ms="15072">
    <groups>
    </groups>
    <test started-at="2024-06-28T01:06:09Z" name="Surefire test" finished-at="2024-06-28T01:06:24Z" duration-ms="15072">
      <class name="VTiger_TestCases.VTiger_Org_Test">
        <test-method signature="createOrgTest()[pri:0, instance:VTiger_TestCases.VTiger_Org_Test@2d127a61]" started-at="2024-06-28T01:06:09Z" name="createOrgTest" finished-at="2024-06-28T01:06:24Z" duration-ms="15029" status="PASS">
          <reporter-output>
          </reporter-output>
        </test-method> <!-- createOrgTest -->
      </class> <!-- VTiger_TestCases.VTiger_Org_Test -->
    </test> <!-- Surefire test -->
  </suite> <!-- Surefire suite -->
</testng-results>
